<?xml version="1.0" encoding="UTF-8"?>
<!-- Generated by org.testng.reporters.JUnitXMLReporter -->
<testsuite hostname="BLD11312" ignored="0" name="Test" tests="5" failures="0" timestamp="13 Aug 2018 12:31:52 GMT" time="49.761" errors="0">
  <testcase name="initializeBrowser" time="18.083" classname="com.crm.qa.tests.DealsPageTest"/>
  <testcase name="validateCreateNewDeal" time="6.767" classname="com.crm.qa.tests.DealsPageTest"/>
  <testcase name="validateCreateNewDeal" time="8.02" classname="com.crm.qa.tests.DealsPageTest"/>
  <testcase name="validateCreateNewDeal" time="7.05" classname="com.crm.qa.tests.DealsPageTest"/>
  <testcase name="deleteDeal" time="8.443" classname="com.crm.qa.tests.DealsPageTest"/>
</testsuite> <!-- Test -->
