<?xml version="1.0" encoding="UTF-8"?>
<!-- Generated by org.testng.reporters.JUnitXMLReporter -->
<testsuite hostname="BLD11312" ignored="0" name="Default test" tests="4" failures="0" timestamp="10 Aug 2018 11:26:19 GMT" time="42.347" errors="0">
  <testcase name="init" time="20.377" classname="com.crm.qa.tests.DealsPageTest"/>
  <testcase name="validateCreateNewDeal" time="6.904" classname="com.crm.qa.tests.DealsPageTest"/>
  <testcase name="validateCreateNewDeal" time="7.155" classname="com.crm.qa.tests.DealsPageTest"/>
  <testcase name="validateCreateNewDeal" time="6.564" classname="com.crm.qa.tests.DealsPageTest"/>
</testsuite> <!-- Default test -->
