<?xml version="1.0" encoding="UTF-8"?>
<!-- Generated by org.testng.reporters.JUnitXMLReporter -->
<testsuite hostname="BLD11312" ignored="0" name="Test" tests="5" failures="0" timestamp="22 Aug 2018 04:59:53 GMT" time="53.46" errors="0">
  <testcase name="initializeBrowser" time="21.483" classname="com.crm.qa.tests.DealsPageTest"/>
  <testcase name="validateCreateNewDeal" time="6.876" classname="com.crm.qa.tests.DealsPageTest"/>
  <testcase name="validateCreateNewDeal" time="6.646" classname="com.crm.qa.tests.DealsPageTest"/>
  <testcase name="validateCreateNewDeal" time="6.496" classname="com.crm.qa.tests.DealsPageTest"/>
  <testcase name="deleteDeal" time="10.61" classname="com.crm.qa.tests.DealsPageTest"/>
</testsuite> <!-- Test -->
