<?xml version="1.0" encoding="UTF-8"?>
<!-- Generated by org.testng.reporters.JUnitXMLReporter -->
<testsuite hostname="BLD11312" ignored="0" name="Test" tests="3" failures="0" timestamp="03 Aug 2018 12:07:04 GMT" time="142.164" errors="0">
  <testcase name="validateCreateNewContact" time="10.542" classname="com.crm.qa.tests.DealsPageTest"/>
  <testcase name="validateCreateNewContact" time="10.426" classname="com.crm.qa.tests.DealsPageTest"/>
  <testcase name="validateCreateNewContact" time="10.509" classname="com.crm.qa.tests.DealsPageTest"/>
</testsuite> <!-- Test -->
