<?xml version="1.0" encoding="UTF-8"?>
<!-- Generated by org.testng.reporters.JUnitXMLReporter -->
<testsuite hostname="BLD11312" ignored="0" name="Test" tests="3" failures="0" timestamp="22 Aug 2018 04:49:12 GMT" time="40.719" errors="0">
  <testcase name="crmLogoImageText" time="0.042" classname="com.crm.qa.tests.LoginPageTest"/>
  <testcase name="loginPageTitleTest" time="0.023" classname="com.crm.qa.tests.LoginPageTest"/>
  <testcase name="loginTest" time="9.161" classname="com.crm.qa.tests.LoginPageTest"/>
</testsuite> <!-- Test -->
