<?xml version="1.0" encoding="UTF-8"?>
<!-- Generated by org.testng.reporters.JUnitXMLReporter -->
<testsuite hostname="BLD11312" ignored="0" name="Test" tests="3" failures="0" timestamp="13 Aug 2018 12:31:02 GMT" time="52.494" errors="0">
  <testcase name="crmLogoImageText" time="0.037" classname="com.crm.qa.tests.LoginPageTest"/>
  <testcase name="loginPageTitleTest" time="0.01" classname="com.crm.qa.tests.LoginPageTest"/>
  <testcase name="loginTest" time="11.31" classname="com.crm.qa.tests.LoginPageTest"/>
</testsuite> <!-- Test -->
