<?xml version="1.0" encoding="UTF-8"?>
<testng-results skipped="0" failed="0" ignored="0" total="8" passed="8">
  <reporter-output>
  </reporter-output>
  <suite name=" Regression Suite" duration-ms="49761" started-at="2018-08-13T12:31:02Z" finished-at="2018-08-13T12:31:52Z">
    <groups>
      <group name="Regression">
        <method signature="DealsPageTest.validateCreateNewDeal(java.lang.String, java.lang.String, java.lang.String, java.lang.String, java.lang.String)[pri:1, instance:com.crm.qa.tests.DealsPageTest@480bdb19]" name="validateCreateNewDeal" class="com.crm.qa.tests.DealsPageTest"/>
        <method signature="DealsPageTest.deleteDeal()[pri:2, instance:com.crm.qa.tests.DealsPageTest@480bdb19]" name="deleteDeal" class="com.crm.qa.tests.DealsPageTest"/>
      </group> <!-- Regression -->
    </groups>
    <test name="Test" duration-ms="49761" started-at="2018-08-13T12:31:02Z" finished-at="2018-08-13T12:31:52Z">
      <class name="com.crm.qa.tests.DealsPageTest">
        <test-method status="PASS" signature="initializeBrowser()[pri:0, instance:com.crm.qa.tests.DealsPageTest@480bdb19]" name="initializeBrowser" duration-ms="18083" started-at="2018-08-13T12:31:02Z" finished-at="2018-08-13T12:31:20Z">
          <reporter-output>
          </reporter-output>
        </test-method> <!-- initializeBrowser -->
        <test-method status="PASS" signature="validateCreateNewDeal(java.lang.String, java.lang.String, java.lang.String, java.lang.String, java.lang.String)[pri:1, instance:com.crm.qa.tests.DealsPageTest@480bdb19]" name="validateCreateNewDeal" duration-ms="6767" started-at="2018-08-13T12:31:21Z" data-provider="getTestData" depends-on-methods="com.crm.qa.tests.DealsPageTest.initializeBrowser" finished-at="2018-08-13T12:31:27Z">
          <params>
            <param index="0">
              <value>
                <![CDATA[Deal1]]>
              </value>
            </param>
            <param index="1">
              <value>
                <![CDATA[ABB]]>
              </value>
            </param>
            <param index="2">
              <value>
                <![CDATA[9865874876]]>
              </value>
            </param>
            <param index="3">
              <value>
                <![CDATA[2564]]>
              </value>
            </param>
            <param index="4">
              <value>
                <![CDATA[This is test description]]>
              </value>
            </param>
          </params>
          <reporter-output>
          </reporter-output>
        </test-method> <!-- validateCreateNewDeal -->
        <test-method status="PASS" signature="validateCreateNewDeal(java.lang.String, java.lang.String, java.lang.String, java.lang.String, java.lang.String)[pri:1, instance:com.crm.qa.tests.DealsPageTest@480bdb19]" name="validateCreateNewDeal" duration-ms="8020" started-at="2018-08-13T12:31:27Z" data-provider="getTestData" depends-on-methods="com.crm.qa.tests.DealsPageTest.initializeBrowser" finished-at="2018-08-13T12:31:35Z">
          <params>
            <param index="0">
              <value>
                <![CDATA[Deal2]]>
              </value>
            </param>
            <param index="1">
              <value>
                <![CDATA[TCS]]>
              </value>
            </param>
            <param index="2">
              <value>
                <![CDATA[9865874877]]>
              </value>
            </param>
            <param index="3">
              <value>
                <![CDATA[5896]]>
              </value>
            </param>
            <param index="4">
              <value>
                <![CDATA[This is test description]]>
              </value>
            </param>
          </params>
          <reporter-output>
          </reporter-output>
        </test-method> <!-- validateCreateNewDeal -->
        <test-method status="PASS" signature="validateCreateNewDeal(java.lang.String, java.lang.String, java.lang.String, java.lang.String, java.lang.String)[pri:1, instance:com.crm.qa.tests.DealsPageTest@480bdb19]" name="validateCreateNewDeal" duration-ms="7050" started-at="2018-08-13T12:31:35Z" data-provider="getTestData" depends-on-methods="com.crm.qa.tests.DealsPageTest.initializeBrowser" finished-at="2018-08-13T12:31:42Z">
          <params>
            <param index="0">
              <value>
                <![CDATA[Deal3]]>
              </value>
            </param>
            <param index="1">
              <value>
                <![CDATA[Wipro]]>
              </value>
            </param>
            <param index="2">
              <value>
                <![CDATA[9865874878]]>
              </value>
            </param>
            <param index="3">
              <value>
                <![CDATA[8745]]>
              </value>
            </param>
            <param index="4">
              <value>
                <![CDATA[This is test description]]>
              </value>
            </param>
          </params>
          <reporter-output>
          </reporter-output>
        </test-method> <!-- validateCreateNewDeal -->
        <test-method status="PASS" signature="deleteDeal()[pri:2, instance:com.crm.qa.tests.DealsPageTest@480bdb19]" name="deleteDeal" duration-ms="8443" started-at="2018-08-13T12:31:42Z" finished-at="2018-08-13T12:31:51Z">
          <reporter-output>
          </reporter-output>
        </test-method> <!-- deleteDeal -->
        <test-method status="PASS" signature="tearDown()[pri:0, instance:com.crm.qa.tests.DealsPageTest@480bdb19]" name="tearDown" is-config="true" duration-ms="896" started-at="2018-08-13T12:31:51Z" finished-at="2018-08-13T12:31:52Z">
          <reporter-output>
          </reporter-output>
        </test-method> <!-- tearDown -->
      </class> <!-- com.crm.qa.tests.DealsPageTest -->
    </test> <!-- Test -->
  </suite> <!--  Regression Suite -->
  <suite name="Smoke Suite" duration-ms="52494" started-at="2018-08-13T12:30:09Z" finished-at="2018-08-13T12:31:02Z">
    <groups>
      <group name="Smoke">
        <method signature="LoginPageTest.crmLogoImageText()[pri:0, instance:com.crm.qa.tests.LoginPageTest@27a8c74e]" name="crmLogoImageText" class="com.crm.qa.tests.LoginPageTest"/>
        <method signature="LoginPageTest.loginPageTitleTest()[pri:0, instance:com.crm.qa.tests.LoginPageTest@27a8c74e]" name="loginPageTitleTest" class="com.crm.qa.tests.LoginPageTest"/>
        <method signature="LoginPageTest.loginTest()[pri:0, instance:com.crm.qa.tests.LoginPageTest@27a8c74e]" name="loginTest" class="com.crm.qa.tests.LoginPageTest"/>
      </group> <!-- Smoke -->
    </groups>
    <test name="Test" duration-ms="52494" started-at="2018-08-13T12:30:09Z" finished-at="2018-08-13T12:31:02Z">
      <class name="com.crm.qa.tests.LoginPageTest">
        <test-method status="PASS" signature="setUp()[pri:0, instance:com.crm.qa.tests.LoginPageTest@27a8c74e]" name="setUp" is-config="true" duration-ms="14122" started-at="2018-08-13T12:30:09Z" finished-at="2018-08-13T12:30:23Z">
          <reporter-output>
          </reporter-output>
        </test-method> <!-- setUp -->
        <test-method status="PASS" signature="crmLogoImageText()[pri:0, instance:com.crm.qa.tests.LoginPageTest@27a8c74e]" name="crmLogoImageText" duration-ms="37" started-at="2018-08-13T12:30:23Z" finished-at="2018-08-13T12:30:24Z">
          <reporter-output>
          </reporter-output>
        </test-method> <!-- crmLogoImageText -->
        <test-method status="PASS" signature="tearDown()[pri:0, instance:com.crm.qa.tests.LoginPageTest@27a8c74e]" name="tearDown" is-config="true" duration-ms="847" started-at="2018-08-13T12:30:24Z" finished-at="2018-08-13T12:30:24Z">
          <reporter-output>
          </reporter-output>
        </test-method> <!-- tearDown -->
        <test-method status="PASS" signature="setUp()[pri:0, instance:com.crm.qa.tests.LoginPageTest@27a8c74e]" name="setUp" is-config="true" duration-ms="13784" started-at="2018-08-13T12:30:24Z" finished-at="2018-08-13T12:30:38Z">
          <reporter-output>
          </reporter-output>
        </test-method> <!-- setUp -->
        <test-method status="PASS" signature="loginPageTitleTest()[pri:0, instance:com.crm.qa.tests.LoginPageTest@27a8c74e]" name="loginPageTitleTest" duration-ms="10" started-at="2018-08-13T12:30:38Z" finished-at="2018-08-13T12:30:38Z">
          <reporter-output>
          </reporter-output>
        </test-method> <!-- loginPageTitleTest -->
        <test-method status="PASS" signature="tearDown()[pri:0, instance:com.crm.qa.tests.LoginPageTest@27a8c74e]" name="tearDown" is-config="true" duration-ms="821" started-at="2018-08-13T12:30:38Z" finished-at="2018-08-13T12:30:39Z">
          <reporter-output>
          </reporter-output>
        </test-method> <!-- tearDown -->
        <test-method status="PASS" signature="setUp()[pri:0, instance:com.crm.qa.tests.LoginPageTest@27a8c74e]" name="setUp" is-config="true" duration-ms="10686" started-at="2018-08-13T12:30:39Z" finished-at="2018-08-13T12:30:50Z">
          <reporter-output>
          </reporter-output>
        </test-method> <!-- setUp -->
        <test-method status="PASS" signature="loginTest()[pri:0, instance:com.crm.qa.tests.LoginPageTest@27a8c74e]" name="loginTest" duration-ms="11310" started-at="2018-08-13T12:30:50Z" finished-at="2018-08-13T12:31:01Z">
          <reporter-output>
          </reporter-output>
        </test-method> <!-- loginTest -->
        <test-method status="PASS" signature="tearDown()[pri:0, instance:com.crm.qa.tests.LoginPageTest@27a8c74e]" name="tearDown" is-config="true" duration-ms="857" started-at="2018-08-13T12:31:01Z" finished-at="2018-08-13T12:31:02Z">
          <reporter-output>
          </reporter-output>
        </test-method> <!-- tearDown -->
      </class> <!-- com.crm.qa.tests.LoginPageTest -->
    </test> <!-- Test -->
  </suite> <!-- Smoke Suite -->
</testng-results>
