<?xml version="1.0" encoding="UTF-8" ?>
<testsuite tests="8" failures="0" name="TestSuite" time="103.438" errors="0" skipped="0">
  <properties>
[...]
</properties>
  <testcase classname="com.crm.qa.tests.LoginPageTest" name="crmLogoImageText" time="0.038"/>
  <testcase classname="com.crm.qa.tests.LoginPageTest" name="loginPageTitleTest" time="0.01"/>
  <testcase classname="com.crm.qa.tests.LoginPageTest" name="loginTest" time="11.31"/>
  <testcase classname="com.crm.qa.tests.DealsPageTest" name="initializeBrowser" time="18.083"/>
  <testcase classname="com.crm.qa.tests.DealsPageTest" name="validateCreateNewDeal" time="6.767"/>
  <testcase classname="com.crm.qa.tests.DealsPageTest" name="validateCreateNewDeal" time="8.02"/>
  <testcase classname="com.crm.qa.tests.DealsPageTest" name="validateCreateNewDeal" time="7.05"/>
  <testcase classname="com.crm.qa.tests.DealsPageTest" name="deleteDeal" time="8.442"/>
</testsuite>